<?xml version="1.0" encoding="UTF-8"?>
<!-- Generated by org.testng.reporters.JUnitXMLReporter -->
<testsuite ignored="1" hostname="DESKTOP-33SIMU9" failures="3" tests="3" name="OrangeHRM Automation Test(failed)" time="20.944" errors="0" timestamp="2021-09-03T22:37:36 CDT">
  <testcase classname="com.orangehrm.qa.test.LoginpPageTest" name="Verifylogin" time="1.793">
    <failure type="java.lang.AssertionError" message="expected [true] but found [false]">
      <![CDATA[java.lang.AssertionError: expected [true] but found [false]
at com.orangehrm.qa.test.LoginpPageTest.Verifylogin(LoginpPageTest.java:44)
at java.base/java.util.ArrayList.forEach(ArrayList.java:1541)
... Removed 31 stack frames]]>
    </failure>
  </testcase> <!-- Verifylogin -->
  <testcase classname="com.orangehrm.qa.test.LoginpPageTest" name="Verifylogin" time="1.755">
    <failure type="java.lang.AssertionError" message="expected [true] but found [false]">
      <![CDATA[java.lang.AssertionError: expected [true] but found [false]
at com.orangehrm.qa.test.LoginpPageTest.Verifylogin(LoginpPageTest.java:44)
at java.base/java.util.ArrayList.forEach(ArrayList.java:1541)
... Removed 31 stack frames]]>
    </failure>
  </testcase> <!-- Verifylogin -->
  <testcase classname="com.orangehrm.qa.test.LoginpPageTest" name="Verifylogin" time="1.202">
    <failure type="java.lang.AssertionError" message="expected [true] but found [false]">
      <![CDATA[java.lang.AssertionError: expected [true] but found [false]
at com.orangehrm.qa.test.LoginpPageTest.Verifylogin(LoginpPageTest.java:44)
at java.base/java.util.ArrayList.forEach(ArrayList.java:1541)
... Removed 31 stack frames]]>
    </failure>
  </testcase> <!-- Verifylogin -->
  <testcase classname="com.orangehrm.qa.test.LoginpPageTest" name="Verifyloginpannel" time="0.0">
    <ignored/>
  </testcase> <!-- Verifyloginpannel -->
</testsuite> <!-- OrangeHRM Automation Test(failed) -->
